2015-07-10 10:57:37,033 INFO  DefaultRequestDirector.java 723 - I/O exception (java.net.SocketException) caught when processing request: Software caused connection abort: recv failed
2015-07-10 10:57:37,065 INFO  DefaultRequestDirector.java 730 - Retrying request
2015-07-10 10:57:37,159 INFO  PageTest.java 47 - ***Run case of testLogin.***
2015-07-10 10:57:37,861 ERROR PageTest.java 55 - paget test 里面出错了
com.Core.AssertUtils$AssertException: title  和  vtitle不相等
	at com.Core.AssertUtils.assertTrue(AssertUtils.java:14)
	at TestVerify.StockVerify.pageVerify(StockVerify.java:78)
	at Testcase.PageTest.testPage(PageTest.java:52)
	at sun.reflect.NativeMethodAccessorImpl.invoke0(Native Method)
	at sun.reflect.NativeMethodAccessorImpl.invoke(NativeMethodAccessorImpl.java:57)
	at sun.reflect.DelegatingMethodAccessorImpl.invoke(DelegatingMethodAccessorImpl.java:43)
	at java.lang.reflect.Method.invoke(Method.java:601)
	at org.junit.runners.model.FrameworkMethod$1.runReflectiveCall(FrameworkMethod.java:47)
	at org.junit.internal.runners.model.ReflectiveCallable.run(ReflectiveCallable.java:12)
	at org.junit.runners.model.FrameworkMethod.invokeExplosively(FrameworkMethod.java:44)
	at org.junit.internal.runners.statements.InvokeMethod.evaluate(InvokeMethod.java:17)
	at org.junit.internal.runners.statements.RunBefores.evaluate(RunBefores.java:26)
	at org.junit.internal.runners.statements.RunAfters.evaluate(RunAfters.java:27)
	at org.junit.runners.ParentRunner.runLeaf(ParentRunner.java:271)
	at org.junit.runners.BlockJUnit4ClassRunner.runChild(BlockJUnit4ClassRunner.java:70)
	at org.junit.runners.BlockJUnit4ClassRunner.runChild(BlockJUnit4ClassRunner.java:50)
	at org.junit.runners.ParentRunner$3.run(ParentRunner.java:238)
	at org.junit.runners.ParentRunner$1.schedule(ParentRunner.java:63)
	at org.junit.runners.ParentRunner.runChildren(ParentRunner.java:236)
	at org.junit.runners.ParentRunner.access$000(ParentRunner.java:53)
	at org.junit.runners.ParentRunner$2.evaluate(ParentRunner.java:229)
	at org.junit.runners.ParentRunner.run(ParentRunner.java:309)
	at org.junit.runners.Suite.runChild(Suite.java:127)
	at org.junit.runners.Suite.runChild(Suite.java:26)
	at org.junit.runners.ParentRunner$3.run(ParentRunner.java:238)
	at org.junit.runners.ParentRunner$1.schedule(ParentRunner.java:63)
	at org.junit.runners.ParentRunner.runChildren(ParentRunner.java:236)
	at org.junit.runners.ParentRunner.access$000(ParentRunner.java:53)
	at org.junit.runners.ParentRunner$2.evaluate(ParentRunner.java:229)
	at org.junit.runners.ParentRunner.run(ParentRunner.java:309)
	at org.eclipse.jdt.internal.junit4.runner.JUnit4TestReference.run(JUnit4TestReference.java:50)
	at org.eclipse.jdt.internal.junit.runner.TestExecution.run(TestExecution.java:38)
	at org.eclipse.jdt.internal.junit.runner.RemoteTestRunner.runTests(RemoteTestRunner.java:467)
	at org.eclipse.jdt.internal.junit.runner.RemoteTestRunner.runTests(RemoteTestRunner.java:683)
	at org.eclipse.jdt.internal.junit.runner.RemoteTestRunner.run(RemoteTestRunner.java:390)
	at org.eclipse.jdt.internal.junit.runner.RemoteTestRunner.main(RemoteTestRunner.java:197)
2015-07-10 10:57:38,673 INFO  CaptureScreenshot.java 73 - Screenshot Name: [PageTest_testPage_20150710105737.jpg]
2015-07-10 10:57:38,673 INFO  LoginTest.java 35 - ***Run case of testLogin.***
2015-07-10 10:57:39,142 INFO  LoginTest.java 43 - TestData/Stock/LoginUser.csv
2015-07-10 10:57:57,879 INFO  DefaultRequestDirector.java 723 - I/O exception (java.net.SocketException) caught when processing request: Software caused connection abort: recv failed
2015-07-10 10:57:57,879 INFO  DefaultRequestDirector.java 730 - Retrying request
2015-07-10 10:57:57,927 INFO  PageTest.java 47 - ***Run case of testLogin.***
2015-07-10 10:57:58,411 ERROR PageTest.java 55 - paget test 里面出错了
com.Core.AssertUtils$AssertException: title  和  vtitle不相等
	at com.Core.AssertUtils.assertTrue(AssertUtils.java:14)
	at TestVerify.StockVerify.pageVerify(StockVerify.java:78)
	at Testcase.PageTest.testPage(PageTest.java:52)
	at sun.reflect.NativeMethodAccessorImpl.invoke0(Native Method)
	at sun.reflect.NativeMethodAccessorImpl.invoke(NativeMethodAccessorImpl.java:57)
	at sun.reflect.DelegatingMethodAccessorImpl.invoke(DelegatingMethodAccessorImpl.java:43)
	at java.lang.reflect.Method.invoke(Method.java:601)
	at org.junit.runners.model.FrameworkMethod$1.runReflectiveCall(FrameworkMethod.java:47)
	at org.junit.internal.runners.model.ReflectiveCallable.run(ReflectiveCallable.java:12)
	at org.junit.runners.model.FrameworkMethod.invokeExplosively(FrameworkMethod.java:44)
	at org.junit.internal.runners.statements.InvokeMethod.evaluate(InvokeMethod.java:17)
	at org.junit.internal.runners.statements.RunBefores.evaluate(RunBefores.java:26)
	at org.junit.internal.runners.statements.RunAfters.evaluate(RunAfters.java:27)
	at org.junit.runners.ParentRunner.runLeaf(ParentRunner.java:271)
	at org.junit.runners.BlockJUnit4ClassRunner.runChild(BlockJUnit4ClassRunner.java:70)
	at org.junit.runners.BlockJUnit4ClassRunner.runChild(BlockJUnit4ClassRunner.java:50)
	at org.junit.runners.ParentRunner$3.run(ParentRunner.java:238)
	at org.junit.runners.ParentRunner$1.schedule(ParentRunner.java:63)
	at org.junit.runners.ParentRunner.runChildren(ParentRunner.java:236)
	at org.junit.runners.ParentRunner.access$000(ParentRunner.java:53)
	at org.junit.runners.ParentRunner$2.evaluate(ParentRunner.java:229)
	at org.junit.runners.ParentRunner.run(ParentRunner.java:309)
	at org.junit.runners.Suite.runChild(Suite.java:127)
	at org.junit.runners.Suite.runChild(Suite.java:26)
	at org.junit.runners.ParentRunner$3.run(ParentRunner.java:238)
	at org.junit.runners.ParentRunner$1.schedule(ParentRunner.java:63)
	at org.junit.runners.ParentRunner.runChildren(ParentRunner.java:236)
	at org.junit.runners.ParentRunner.access$000(ParentRunner.java:53)
	at org.junit.runners.ParentRunner$2.evaluate(ParentRunner.java:229)
	at org.junit.runners.ParentRunner.run(ParentRunner.java:309)
	at org.eclipse.jdt.internal.junit4.runner.JUnit4TestReference.run(JUnit4TestReference.java:50)
	at org.eclipse.jdt.internal.junit.runner.TestExecution.run(TestExecution.java:38)
	at org.eclipse.jdt.internal.junit.runner.RemoteTestRunner.runTests(RemoteTestRunner.java:467)
	at org.eclipse.jdt.internal.junit.runner.RemoteTestRunner.runTests(RemoteTestRunner.java:683)
	at org.eclipse.jdt.internal.junit.runner.RemoteTestRunner.run(RemoteTestRunner.java:390)
	at org.eclipse.jdt.internal.junit.runner.RemoteTestRunner.main(RemoteTestRunner.java:197)
2015-07-10 10:57:59,285 INFO  CaptureScreenshot.java 73 - Screenshot Name: [PageTest_testPage_20150710105758.jpg]
2015-07-10 10:57:59,301 INFO  LoginTest.java 35 - ***Run case of testLogin.***
2015-07-10 10:57:59,754 INFO  LoginTest.java 43 - TestData/Stock/LoginUser.csv
2015-07-10 10:59:14,939 INFO  LoginTS.java 32 - Title is:框架V2.5
2015-07-10 10:59:46,034 INFO  CaptureScreenshot.java 73 - Screenshot Name: [LoginTest_testLogin_20150710105945.jpg]
2015-07-10 10:59:59,966 INFO  ControlsStockTest.java 118 - ***Run case of testSingleSelect.***
2015-07-10 11:00:00,949 INFO  ControlsStockTest.java 136 - ***Run case of testMultiSelectTree.***
2015-07-10 11:00:06,043 INFO  ControlsStockTest.java 98 - ***Run case of testMultiSelect.***
2015-07-10 11:00:28,137 INFO  ControlsStockTest.java 160 - ***Run case of testSingleSelectTree.***
2015-07-10 11:00:33,833 INFO  ControlsStockTest.java 52 - ***Run case of testInputBox.***
2015-07-10 11:00:33,833 INFO  ControlsStockTest.java 57 - TestData/Stock/StockData.csv
2015-07-10 11:01:32,532 INFO  ControlsStockTS.java 44 - Title is:框架V2.5
2015-07-10 11:01:32,533 INFO  ControlsStockTest.java 77 - ***Run case of testDateControl.***
2015-07-10 11:01:34,249 INFO  AddStockTest.java 30 - ***Run case of testSave.***
2015-07-10 11:01:37,669 INFO  AlterStockTest.java 30 - ***Run case of testAlterStock.***
2015-07-10 11:01:53,667 INFO  DelStockTest.java 31 - ***Run case of testDelStock.***
2015-07-10 11:02:02,389 INFO  LogoutTest.java 31 - ***Run case of testLogoutStock.***
2015-07-10 11:27:25,151 INFO  DefaultRequestDirector.java 723 - I/O exception (java.net.SocketException) caught when processing request: Software caused connection abort: recv failed
2015-07-10 11:27:25,151 INFO  DefaultRequestDirector.java 730 - Retrying request
2015-07-10 11:27:25,214 INFO  PageTest.java 47 - ***Run case of testLogin.***
2015-07-10 11:27:26,122 ERROR PageTest.java 55 - paget test 里面出错了
com.Core.AssertUtils$AssertException: title  和  vtitle不相等
	at com.Core.AssertUtils.assertTrue(AssertUtils.java:14)
	at TestVerify.StockVerify.pageVerify(StockVerify.java:78)
	at Testcase.PageTest.testPage(PageTest.java:52)
	at sun.reflect.NativeMethodAccessorImpl.invoke0(Native Method)
	at sun.reflect.NativeMethodAccessorImpl.invoke(NativeMethodAccessorImpl.java:57)
	at sun.reflect.DelegatingMethodAccessorImpl.invoke(DelegatingMethodAccessorImpl.java:43)
	at java.lang.reflect.Method.invoke(Method.java:601)
	at org.junit.runners.model.FrameworkMethod$1.runReflectiveCall(FrameworkMethod.java:47)
	at org.junit.internal.runners.model.ReflectiveCallable.run(ReflectiveCallable.java:12)
	at org.junit.runners.model.FrameworkMethod.invokeExplosively(FrameworkMethod.java:44)
	at org.junit.internal.runners.statements.InvokeMethod.evaluate(InvokeMethod.java:17)
	at org.junit.internal.runners.statements.ExpectException.evaluate(ExpectException.java:19)
	at org.junit.internal.runners.statements.RunBefores.evaluate(RunBefores.java:26)
	at org.junit.internal.runners.statements.RunAfters.evaluate(RunAfters.java:27)
	at org.junit.runners.ParentRunner.runLeaf(ParentRunner.java:271)
	at org.junit.runners.BlockJUnit4ClassRunner.runChild(BlockJUnit4ClassRunner.java:70)
	at org.junit.runners.BlockJUnit4ClassRunner.runChild(BlockJUnit4ClassRunner.java:50)
	at org.junit.runners.ParentRunner$3.run(ParentRunner.java:238)
	at org.junit.runners.ParentRunner$1.schedule(ParentRunner.java:63)
	at org.junit.runners.ParentRunner.runChildren(ParentRunner.java:236)
	at org.junit.runners.ParentRunner.access$000(ParentRunner.java:53)
	at org.junit.runners.ParentRunner$2.evaluate(ParentRunner.java:229)
	at org.junit.runners.ParentRunner.run(ParentRunner.java:309)
	at org.eclipse.jdt.internal.junit4.runner.JUnit4TestReference.run(JUnit4TestReference.java:50)
	at org.eclipse.jdt.internal.junit.runner.TestExecution.run(TestExecution.java:38)
	at org.eclipse.jdt.internal.junit.runner.RemoteTestRunner.runTests(RemoteTestRunner.java:467)
	at org.eclipse.jdt.internal.junit.runner.RemoteTestRunner.runTests(RemoteTestRunner.java:683)
	at org.eclipse.jdt.internal.junit.runner.RemoteTestRunner.run(RemoteTestRunner.java:390)
	at org.eclipse.jdt.internal.junit.runner.RemoteTestRunner.main(RemoteTestRunner.java:197)
2015-07-10 11:27:26,991 INFO  CaptureScreenshot.java 73 - Screenshot Name: [PageTest_testPage_20150710112726.jpg]
2015-07-10 11:27:57,369 INFO  DefaultRequestDirector.java 723 - I/O exception (java.net.SocketException) caught when processing request: Software caused connection abort: recv failed
2015-07-10 11:27:57,369 INFO  DefaultRequestDirector.java 730 - Retrying request
2015-07-10 11:27:57,424 INFO  PageTest.java 47 - ***Run case of testLogin.***
2015-07-10 11:27:58,339 ERROR PageTest.java 55 - paget test 里面出错了
com.Core.AssertUtils$AssertException: title  和  vtitle不相等
	at com.Core.AssertUtils.assertTrue(AssertUtils.java:14)
	at TestVerify.StockVerify.pageVerify(StockVerify.java:78)
	at Testcase.PageTest.testPage(PageTest.java:52)
	at sun.reflect.NativeMethodAccessorImpl.invoke0(Native Method)
	at sun.reflect.NativeMethodAccessorImpl.invoke(NativeMethodAccessorImpl.java:57)
	at sun.reflect.DelegatingMethodAccessorImpl.invoke(DelegatingMethodAccessorImpl.java:43)
	at java.lang.reflect.Method.invoke(Method.java:601)
	at org.junit.runners.model.FrameworkMethod$1.runReflectiveCall(FrameworkMethod.java:47)
	at org.junit.internal.runners.model.ReflectiveCallable.run(ReflectiveCallable.java:12)
	at org.junit.runners.model.FrameworkMethod.invokeExplosively(FrameworkMethod.java:44)
	at org.junit.internal.runners.statements.InvokeMethod.evaluate(InvokeMethod.java:17)
	at org.junit.internal.runners.statements.ExpectException.evaluate(ExpectException.java:19)
	at org.junit.internal.runners.statements.RunBefores.evaluate(RunBefores.java:26)
	at org.junit.internal.runners.statements.RunAfters.evaluate(RunAfters.java:27)
	at org.junit.runners.ParentRunner.runLeaf(ParentRunner.java:271)
	at org.junit.runners.BlockJUnit4ClassRunner.runChild(BlockJUnit4ClassRunner.java:70)
	at org.junit.runners.BlockJUnit4ClassRunner.runChild(BlockJUnit4ClassRunner.java:50)
	at org.junit.runners.ParentRunner$3.run(ParentRunner.java:238)
	at org.junit.runners.ParentRunner$1.schedule(ParentRunner.java:63)
	at org.junit.runners.ParentRunner.runChildren(ParentRunner.java:236)
	at org.junit.runners.ParentRunner.access$000(ParentRunner.java:53)
	at org.junit.runners.ParentRunner$2.evaluate(ParentRunner.java:229)
	at org.junit.runners.ParentRunner.run(ParentRunner.java:309)
	at org.eclipse.jdt.internal.junit4.runner.JUnit4TestReference.run(JUnit4TestReference.java:50)
	at org.eclipse.jdt.internal.junit.runner.TestExecution.run(TestExecution.java:38)
	at org.eclipse.jdt.internal.junit.runner.RemoteTestRunner.runTests(RemoteTestRunner.java:467)
	at org.eclipse.jdt.internal.junit.runner.RemoteTestRunner.runTests(RemoteTestRunner.java:683)
	at org.eclipse.jdt.internal.junit.runner.RemoteTestRunner.run(RemoteTestRunner.java:390)
	at org.eclipse.jdt.internal.junit.runner.RemoteTestRunner.main(RemoteTestRunner.java:197)
2015-07-10 11:27:59,275 INFO  CaptureScreenshot.java 73 - Screenshot Name: [PageTest_testPage_20150710112758.jpg]
2015-07-10 12:59:22,690 INFO  DefaultRequestDirector.java 723 - I/O exception (java.net.SocketException) caught when processing request: Software caused connection abort: recv failed
2015-07-10 12:59:22,815 INFO  DefaultRequestDirector.java 730 - Retrying request
2015-07-10 12:59:23,142 INFO  PageTest.java 47 - ***Run case of testLogin.***
2015-07-10 12:59:28,214 ERROR PageTest.java 55 - paget test 里面出错了
com.Core.AssertUtils$AssertException: title  和  vtitle不相等
	at com.Core.AssertUtils.assertTrue(AssertUtils.java:14)
	at TestVerify.StockVerify.pageVerify(StockVerify.java:78)
	at Testcase.PageTest.testPage(PageTest.java:52)
	at sun.reflect.NativeMethodAccessorImpl.invoke0(Native Method)
	at sun.reflect.NativeMethodAccessorImpl.invoke(NativeMethodAccessorImpl.java:57)
	at sun.reflect.DelegatingMethodAccessorImpl.invoke(DelegatingMethodAccessorImpl.java:43)
	at java.lang.reflect.Method.invoke(Method.java:601)
	at org.junit.runners.model.FrameworkMethod$1.runReflectiveCall(FrameworkMethod.java:47)
	at org.junit.internal.runners.model.ReflectiveCallable.run(ReflectiveCallable.java:12)
	at org.junit.runners.model.FrameworkMethod.invokeExplosively(FrameworkMethod.java:44)
	at org.junit.internal.runners.statements.InvokeMethod.evaluate(InvokeMethod.java:17)
	at org.junit.internal.runners.statements.ExpectException.evaluate(ExpectException.java:19)
	at org.junit.internal.runners.statements.RunBefores.evaluate(RunBefores.java:26)
	at org.junit.internal.runners.statements.RunAfters.evaluate(RunAfters.java:27)
	at org.junit.runners.ParentRunner.runLeaf(ParentRunner.java:271)
	at org.junit.runners.BlockJUnit4ClassRunner.runChild(BlockJUnit4ClassRunner.java:70)
	at org.junit.runners.BlockJUnit4ClassRunner.runChild(BlockJUnit4ClassRunner.java:50)
	at org.junit.runners.ParentRunner$3.run(ParentRunner.java:238)
	at org.junit.runners.ParentRunner$1.schedule(ParentRunner.java:63)
	at org.junit.runners.ParentRunner.runChildren(ParentRunner.java:236)
	at org.junit.runners.ParentRunner.access$000(ParentRunner.java:53)
	at org.junit.runners.ParentRunner$2.evaluate(ParentRunner.java:229)
	at org.junit.runners.ParentRunner.run(ParentRunner.java:309)
	at org.eclipse.jdt.internal.junit4.runner.JUnit4TestReference.run(JUnit4TestReference.java:50)
	at org.eclipse.jdt.internal.junit.runner.TestExecution.run(TestExecution.java:38)
	at org.eclipse.jdt.internal.junit.runner.RemoteTestRunner.runTests(RemoteTestRunner.java:467)
	at org.eclipse.jdt.internal.junit.runner.RemoteTestRunner.runTests(RemoteTestRunner.java:683)
	at org.eclipse.jdt.internal.junit.runner.RemoteTestRunner.run(RemoteTestRunner.java:390)
	at org.eclipse.jdt.internal.junit.runner.RemoteTestRunner.main(RemoteTestRunner.java:197)
2015-07-10 12:59:30,463 INFO  CaptureScreenshot.java 73 - Screenshot Name: [PageTest_testPage_20150710125928.jpg]
2015-07-10 13:06:16,581 INFO  DefaultRequestDirector.java 723 - I/O exception (java.net.SocketException) caught when processing request: Software caused connection abort: recv failed
2015-07-10 13:06:16,614 INFO  DefaultRequestDirector.java 730 - Retrying request
2015-07-10 13:06:16,660 INFO  PageTest.java 47 - ***Run case of testLogin.***
2015-07-10 13:06:18,174 ERROR PageTest.java 55 - paget test 里面出错了
com.Core.AssertUtils$AssertException: title  和  vtitle不相等
	at com.Core.AssertUtils.assertTrue(AssertUtils.java:14)
	at TestVerify.StockVerify.pageVerify(StockVerify.java:78)
	at Testcase.PageTest.testPage(PageTest.java:52)
	at sun.reflect.NativeMethodAccessorImpl.invoke0(Native Method)
	at sun.reflect.NativeMethodAccessorImpl.invoke(NativeMethodAccessorImpl.java:57)
	at sun.reflect.DelegatingMethodAccessorImpl.invoke(DelegatingMethodAccessorImpl.java:43)
	at java.lang.reflect.Method.invoke(Method.java:601)
	at org.junit.runners.model.FrameworkMethod$1.runReflectiveCall(FrameworkMethod.java:47)
	at org.junit.internal.runners.model.ReflectiveCallable.run(ReflectiveCallable.java:12)
	at org.junit.runners.model.FrameworkMethod.invokeExplosively(FrameworkMethod.java:44)
	at org.junit.internal.runners.statements.InvokeMethod.evaluate(InvokeMethod.java:17)
	at org.junit.internal.runners.statements.RunBefores.evaluate(RunBefores.java:26)
	at org.junit.internal.runners.statements.RunAfters.evaluate(RunAfters.java:27)
	at org.junit.runners.ParentRunner.runLeaf(ParentRunner.java:271)
	at org.junit.runners.BlockJUnit4ClassRunner.runChild(BlockJUnit4ClassRunner.java:70)
	at org.junit.runners.BlockJUnit4ClassRunner.runChild(BlockJUnit4ClassRunner.java:50)
	at org.junit.runners.ParentRunner$3.run(ParentRunner.java:238)
	at org.junit.runners.ParentRunner$1.schedule(ParentRunner.java:63)
	at org.junit.runners.ParentRunner.runChildren(ParentRunner.java:236)
	at org.junit.runners.ParentRunner.access$000(ParentRunner.java:53)
	at org.junit.runners.ParentRunner$2.evaluate(ParentRunner.java:229)
	at org.junit.runners.ParentRunner.run(ParentRunner.java:309)
	at org.eclipse.jdt.internal.junit4.runner.JUnit4TestReference.run(JUnit4TestReference.java:50)
	at org.eclipse.jdt.internal.junit.runner.TestExecution.run(TestExecution.java:38)
	at org.eclipse.jdt.internal.junit.runner.RemoteTestRunner.runTests(RemoteTestRunner.java:467)
	at org.eclipse.jdt.internal.junit.runner.RemoteTestRunner.runTests(RemoteTestRunner.java:683)
	at org.eclipse.jdt.internal.junit.runner.RemoteTestRunner.run(RemoteTestRunner.java:390)
	at org.eclipse.jdt.internal.junit.runner.RemoteTestRunner.main(RemoteTestRunner.java:197)
2015-07-10 13:06:19,251 INFO  CaptureScreenshot.java 73 - Screenshot Name: [PageTest_testPage_20150710010618.jpg]
2015-07-10 13:10:07,819 INFO  DefaultRequestDirector.java 723 - I/O exception (java.net.SocketException) caught when processing request: Software caused connection abort: recv failed
2015-07-10 13:10:07,865 INFO  DefaultRequestDirector.java 730 - Retrying request
2015-07-10 13:10:08,085 INFO  PageTest.java 47 - ***Run case of testLogin.***
2015-07-10 13:10:10,476 ERROR PageTest.java 55 - paget test 里面出错了
com.Core.AssertUtils$AssertException: title  和  vtitle不相等
	at com.Core.AssertUtils.assertTrue(AssertUtils.java:14)
	at TestVerify.StockVerify.pageVerify(StockVerify.java:78)
	at Testcase.PageTest.testPage(PageTest.java:52)
	at sun.reflect.NativeMethodAccessorImpl.invoke0(Native Method)
	at sun.reflect.NativeMethodAccessorImpl.invoke(NativeMethodAccessorImpl.java:57)
	at sun.reflect.DelegatingMethodAccessorImpl.invoke(DelegatingMethodAccessorImpl.java:43)
	at java.lang.reflect.Method.invoke(Method.java:601)
	at org.junit.runners.model.FrameworkMethod$1.runReflectiveCall(FrameworkMethod.java:47)
	at org.junit.internal.runners.model.ReflectiveCallable.run(ReflectiveCallable.java:12)
	at org.junit.runners.model.FrameworkMethod.invokeExplosively(FrameworkMethod.java:44)
	at org.junit.internal.runners.statements.InvokeMethod.evaluate(InvokeMethod.java:17)
	at org.junit.internal.runners.statements.RunBefores.evaluate(RunBefores.java:26)
	at org.junit.internal.runners.statements.RunAfters.evaluate(RunAfters.java:27)
	at org.junit.runners.ParentRunner.runLeaf(ParentRunner.java:271)
	at org.junit.runners.BlockJUnit4ClassRunner.runChild(BlockJUnit4ClassRunner.java:70)
	at org.junit.runners.BlockJUnit4ClassRunner.runChild(BlockJUnit4ClassRunner.java:50)
	at org.junit.runners.ParentRunner$3.run(ParentRunner.java:238)
	at org.junit.runners.ParentRunner$1.schedule(ParentRunner.java:63)
	at org.junit.runners.ParentRunner.runChildren(ParentRunner.java:236)
	at org.junit.runners.ParentRunner.access$000(ParentRunner.java:53)
	at org.junit.runners.ParentRunner$2.evaluate(ParentRunner.java:229)
	at org.junit.runners.ParentRunner.run(ParentRunner.java:309)
	at org.eclipse.jdt.internal.junit4.runner.JUnit4TestReference.run(JUnit4TestReference.java:50)
	at org.eclipse.jdt.internal.junit.runner.TestExecution.run(TestExecution.java:38)
	at org.eclipse.jdt.internal.junit.runner.RemoteTestRunner.runTests(RemoteTestRunner.java:467)
	at org.eclipse.jdt.internal.junit.runner.RemoteTestRunner.runTests(RemoteTestRunner.java:683)
	at org.eclipse.jdt.internal.junit.runner.RemoteTestRunner.run(RemoteTestRunner.java:390)
	at org.eclipse.jdt.internal.junit.runner.RemoteTestRunner.main(RemoteTestRunner.java:197)
2015-07-10 13:10:13,753 INFO  CaptureScreenshot.java 73 - Screenshot Name: [PageTest_testPage_20150710011010.jpg]
2015-07-10 13:13:41,005 INFO  DefaultRequestDirector.java 723 - I/O exception (java.net.SocketException) caught when processing request: Software caused connection abort: recv failed
2015-07-10 13:13:41,005 INFO  DefaultRequestDirector.java 730 - Retrying request
2015-07-10 13:13:41,053 INFO  PageTest.java 47 - ***Run case of testLogin.***
2015-07-10 13:13:42,474 ERROR PageTest.java 55 - paget test 里面出错了
com.Core.AssertUtils$AssertException: title  和  vtitle不相等
	at com.Core.AssertUtils.assertTrue(AssertUtils.java:14)
	at TestVerify.StockVerify.pageVerify(StockVerify.java:80)
	at Testcase.PageTest.testPage(PageTest.java:52)
	at sun.reflect.NativeMethodAccessorImpl.invoke0(Native Method)
	at sun.reflect.NativeMethodAccessorImpl.invoke(NativeMethodAccessorImpl.java:57)
	at sun.reflect.DelegatingMethodAccessorImpl.invoke(DelegatingMethodAccessorImpl.java:43)
	at java.lang.reflect.Method.invoke(Method.java:601)
	at org.junit.runners.model.FrameworkMethod$1.runReflectiveCall(FrameworkMethod.java:47)
	at org.junit.internal.runners.model.ReflectiveCallable.run(ReflectiveCallable.java:12)
	at org.junit.runners.model.FrameworkMethod.invokeExplosively(FrameworkMethod.java:44)
	at org.junit.internal.runners.statements.InvokeMethod.evaluate(InvokeMethod.java:17)
	at org.junit.internal.runners.statements.RunBefores.evaluate(RunBefores.java:26)
	at org.junit.internal.runners.statements.RunAfters.evaluate(RunAfters.java:27)
	at org.junit.runners.ParentRunner.runLeaf(ParentRunner.java:271)
	at org.junit.runners.BlockJUnit4ClassRunner.runChild(BlockJUnit4ClassRunner.java:70)
	at org.junit.runners.BlockJUnit4ClassRunner.runChild(BlockJUnit4ClassRunner.java:50)
	at org.junit.runners.ParentRunner$3.run(ParentRunner.java:238)
	at org.junit.runners.ParentRunner$1.schedule(ParentRunner.java:63)
	at org.junit.runners.ParentRunner.runChildren(ParentRunner.java:236)
	at org.junit.runners.ParentRunner.access$000(ParentRunner.java:53)
	at org.junit.runners.ParentRunner$2.evaluate(ParentRunner.java:229)
	at org.junit.runners.ParentRunner.run(ParentRunner.java:309)
	at org.eclipse.jdt.internal.junit4.runner.JUnit4TestReference.run(JUnit4TestReference.java:50)
	at org.eclipse.jdt.internal.junit.runner.TestExecution.run(TestExecution.java:38)
	at org.eclipse.jdt.internal.junit.runner.RemoteTestRunner.runTests(RemoteTestRunner.java:467)
	at org.eclipse.jdt.internal.junit.runner.RemoteTestRunner.runTests(RemoteTestRunner.java:683)
	at org.eclipse.jdt.internal.junit.runner.RemoteTestRunner.run(RemoteTestRunner.java:390)
	at org.eclipse.jdt.internal.junit.runner.RemoteTestRunner.main(RemoteTestRunner.java:197)
2015-07-10 13:13:43,444 INFO  CaptureScreenshot.java 73 - Screenshot Name: [PageTest_testPage_20150710011342.jpg]
2015-07-10 13:16:58,969 INFO  DefaultRequestDirector.java 723 - I/O exception (java.net.SocketException) caught when processing request: Software caused connection abort: recv failed
2015-07-10 13:16:58,985 INFO  DefaultRequestDirector.java 730 - Retrying request
2015-07-10 13:16:59,032 INFO  PageTest.java 47 - ***Run case of testLogin.***
2015-07-10 13:16:59,859 ERROR PageTest.java 55 - paget test 里面出错了
com.Core.AssertUtils$AssertException: title  和  vtitle不相等
	at com.Core.AssertUtils.assertTrue(AssertUtils.java:14)
	at TestVerify.StockVerify.pageVerify(StockVerify.java:80)
	at Testcase.PageTest.testPage(PageTest.java:52)
	at sun.reflect.NativeMethodAccessorImpl.invoke0(Native Method)
	at sun.reflect.NativeMethodAccessorImpl.invoke(NativeMethodAccessorImpl.java:57)
	at sun.reflect.DelegatingMethodAccessorImpl.invoke(DelegatingMethodAccessorImpl.java:43)
	at java.lang.reflect.Method.invoke(Method.java:601)
	at org.junit.runners.model.FrameworkMethod$1.runReflectiveCall(FrameworkMethod.java:47)
	at org.junit.internal.runners.model.ReflectiveCallable.run(ReflectiveCallable.java:12)
	at org.junit.runners.model.FrameworkMethod.invokeExplosively(FrameworkMethod.java:44)
	at org.junit.internal.runners.statements.InvokeMethod.evaluate(InvokeMethod.java:17)
	at org.junit.internal.runners.statements.RunBefores.evaluate(RunBefores.java:26)
	at org.junit.internal.runners.statements.RunAfters.evaluate(RunAfters.java:27)
	at org.junit.runners.ParentRunner.runLeaf(ParentRunner.java:271)
	at org.junit.runners.BlockJUnit4ClassRunner.runChild(BlockJUnit4ClassRunner.java:70)
	at org.junit.runners.BlockJUnit4ClassRunner.runChild(BlockJUnit4ClassRunner.java:50)
	at org.junit.runners.ParentRunner$3.run(ParentRunner.java:238)
	at org.junit.runners.ParentRunner$1.schedule(ParentRunner.java:63)
	at org.junit.runners.ParentRunner.runChildren(ParentRunner.java:236)
	at org.junit.runners.ParentRunner.access$000(ParentRunner.java:53)
	at org.junit.runners.ParentRunner$2.evaluate(ParentRunner.java:229)
	at org.junit.runners.ParentRunner.run(ParentRunner.java:309)
	at org.eclipse.jdt.internal.junit4.runner.JUnit4TestReference.run(JUnit4TestReference.java:50)
	at org.eclipse.jdt.internal.junit.runner.TestExecution.run(TestExecution.java:38)
	at org.eclipse.jdt.internal.junit.runner.RemoteTestRunner.runTests(RemoteTestRunner.java:467)
	at org.eclipse.jdt.internal.junit.runner.RemoteTestRunner.runTests(RemoteTestRunner.java:683)
	at org.eclipse.jdt.internal.junit.runner.RemoteTestRunner.run(RemoteTestRunner.java:390)
	at org.eclipse.jdt.internal.junit.runner.RemoteTestRunner.main(RemoteTestRunner.java:197)
2015-07-10 13:17:00,703 INFO  CaptureScreenshot.java 73 - Screenshot Name: [PageTest_testPage_20150710011659.jpg]
2015-07-10 13:17:32,161 INFO  DefaultRequestDirector.java 723 - I/O exception (java.net.SocketException) caught when processing request: Software caused connection abort: recv failed
2015-07-10 13:17:32,161 INFO  DefaultRequestDirector.java 730 - Retrying request
2015-07-10 13:17:32,209 INFO  PageTest.java 47 - ***Run case of testLogin.***
2015-07-10 13:18:15,522 ERROR PageTest.java 55 - paget test 里面出错了
com.Core.AssertUtils$AssertException: title  和  vtitle不相等
	at com.Core.AssertUtils.assertTrue(AssertUtils.java:14)
	at TestVerify.StockVerify.pageVerify(StockVerify.java:80)
	at Testcase.PageTest.testPage(PageTest.java:52)
	at sun.reflect.NativeMethodAccessorImpl.invoke0(Native Method)
	at sun.reflect.NativeMethodAccessorImpl.invoke(NativeMethodAccessorImpl.java:57)
	at sun.reflect.DelegatingMethodAccessorImpl.invoke(DelegatingMethodAccessorImpl.java:43)
	at java.lang.reflect.Method.invoke(Method.java:601)
	at org.junit.runners.model.FrameworkMethod$1.runReflectiveCall(FrameworkMethod.java:47)
	at org.junit.internal.runners.model.ReflectiveCallable.run(ReflectiveCallable.java:12)
	at org.junit.runners.model.FrameworkMethod.invokeExplosively(FrameworkMethod.java:44)
	at org.junit.internal.runners.statements.InvokeMethod.evaluate(InvokeMethod.java:17)
	at org.junit.internal.runners.statements.RunBefores.evaluate(RunBefores.java:26)
	at org.junit.internal.runners.statements.RunAfters.evaluate(RunAfters.java:27)
	at org.junit.runners.ParentRunner.runLeaf(ParentRunner.java:271)
	at org.junit.runners.BlockJUnit4ClassRunner.runChild(BlockJUnit4ClassRunner.java:70)
	at org.junit.runners.BlockJUnit4ClassRunner.runChild(BlockJUnit4ClassRunner.java:50)
	at org.junit.runners.ParentRunner$3.run(ParentRunner.java:238)
	at org.junit.runners.ParentRunner$1.schedule(ParentRunner.java:63)
	at org.junit.runners.ParentRunner.runChildren(ParentRunner.java:236)
	at org.junit.runners.ParentRunner.access$000(ParentRunner.java:53)
	at org.junit.runners.ParentRunner$2.evaluate(ParentRunner.java:229)
	at org.junit.runners.ParentRunner.run(ParentRunner.java:309)
	at org.eclipse.jdt.internal.junit4.runner.JUnit4TestReference.run(JUnit4TestReference.java:50)
	at org.eclipse.jdt.internal.junit.runner.TestExecution.run(TestExecution.java:38)
	at org.eclipse.jdt.internal.junit.runner.RemoteTestRunner.runTests(RemoteTestRunner.java:467)
	at org.eclipse.jdt.internal.junit.runner.RemoteTestRunner.runTests(RemoteTestRunner.java:683)
	at org.eclipse.jdt.internal.junit.runner.RemoteTestRunner.run(RemoteTestRunner.java:390)
	at org.eclipse.jdt.internal.junit.runner.RemoteTestRunner.main(RemoteTestRunner.java:197)
2015-07-10 13:18:20,767 INFO  CaptureScreenshot.java 73 - Screenshot Name: [PageTest_testPage_20150710011817.jpg]
2015-07-10 13:21:41,922 INFO  DefaultRequestDirector.java 723 - I/O exception (java.net.SocketException) caught when processing request: Software caused connection abort: recv failed
2015-07-10 13:21:41,923 INFO  DefaultRequestDirector.java 730 - Retrying request
2015-07-10 13:21:42,095 INFO  PageTest.java 47 - ***Run case of testLogin.***
2015-07-10 13:33:17,819 INFO  DefaultRequestDirector.java 723 - I/O exception (java.net.SocketException) caught when processing request: Software caused connection abort: recv failed
2015-07-10 13:33:17,912 INFO  DefaultRequestDirector.java 730 - Retrying request
2015-07-10 13:33:18,390 INFO  PageTest.java 47 - ***Run case of testLogin.***
2015-07-10 13:37:44,767 INFO  DefaultRequestDirector.java 723 - I/O exception (java.net.SocketException) caught when processing request: Software caused connection abort: recv failed
2015-07-10 13:37:44,770 INFO  DefaultRequestDirector.java 730 - Retrying request
2015-07-10 13:37:44,828 INFO  PageTest.java 47 - ***Run case of testLogin.***
2015-07-10 13:37:45,735 ERROR PageTest.java 56 - paget test 里面出错了
com.Core.AssertUtils$AssertException: title  和  vtitle不相等
	at com.Core.AssertUtils.assertTrue(AssertUtils.java:14)
	at TestVerify.StockVerify.pageVerify(StockVerify.java:80)
	at Testcase.PageTest.testPage(PageTest.java:53)
	at sun.reflect.NativeMethodAccessorImpl.invoke0(Native Method)
	at sun.reflect.NativeMethodAccessorImpl.invoke(NativeMethodAccessorImpl.java:57)
	at sun.reflect.DelegatingMethodAccessorImpl.invoke(DelegatingMethodAccessorImpl.java:43)
	at java.lang.reflect.Method.invoke(Method.java:601)
	at org.junit.runners.model.FrameworkMethod$1.runReflectiveCall(FrameworkMethod.java:47)
	at org.junit.internal.runners.model.ReflectiveCallable.run(ReflectiveCallable.java:12)
	at org.junit.runners.model.FrameworkMethod.invokeExplosively(FrameworkMethod.java:44)
	at org.junit.internal.runners.statements.InvokeMethod.evaluate(InvokeMethod.java:17)
	at org.junit.internal.runners.statements.RunBefores.evaluate(RunBefores.java:26)
	at org.junit.internal.runners.statements.RunAfters.evaluate(RunAfters.java:27)
	at org.junit.runners.ParentRunner.runLeaf(ParentRunner.java:271)
	at org.junit.runners.BlockJUnit4ClassRunner.runChild(BlockJUnit4ClassRunner.java:70)
	at org.junit.runners.BlockJUnit4ClassRunner.runChild(BlockJUnit4ClassRunner.java:50)
	at org.junit.runners.ParentRunner$3.run(ParentRunner.java:238)
	at org.junit.runners.ParentRunner$1.schedule(ParentRunner.java:63)
	at org.junit.runners.ParentRunner.runChildren(ParentRunner.java:236)
	at org.junit.runners.ParentRunner.access$000(ParentRunner.java:53)
	at org.junit.runners.ParentRunner$2.evaluate(ParentRunner.java:229)
	at org.junit.runners.ParentRunner.run(ParentRunner.java:309)
	at org.eclipse.jdt.internal.junit4.runner.JUnit4TestReference.run(JUnit4TestReference.java:50)
	at org.eclipse.jdt.internal.junit.runner.TestExecution.run(TestExecution.java:38)
	at org.eclipse.jdt.internal.junit.runner.RemoteTestRunner.runTests(RemoteTestRunner.java:467)
	at org.eclipse.jdt.internal.junit.runner.RemoteTestRunner.runTests(RemoteTestRunner.java:683)
	at org.eclipse.jdt.internal.junit.runner.RemoteTestRunner.run(RemoteTestRunner.java:390)
	at org.eclipse.jdt.internal.junit.runner.RemoteTestRunner.main(RemoteTestRunner.java:197)
2015-07-10 13:37:48,298 INFO  CaptureScreenshot.java 73 - Screenshot Name: [PageTest_testPage_20150710013745.jpg]
2015-07-10 13:41:04,203 INFO  DefaultRequestDirector.java 723 - I/O exception (java.net.SocketException) caught when processing request: Software caused connection abort: recv failed
2015-07-10 13:41:04,206 INFO  DefaultRequestDirector.java 730 - Retrying request
2015-07-10 13:41:04,254 INFO  PageTest.java 47 - ***Run case of testLogin.***
2015-07-10 13:41:05,182 ERROR PageTest.java 57 - paget test 里面出错了
com.Core.AssertUtils$AssertException: title  和  vtitle不相等
	at com.Core.AssertUtils.assertTrue(AssertUtils.java:14)
	at TestVerify.StockVerify.pageVerify(StockVerify.java:80)
	at Testcase.PageTest.testPage(PageTest.java:53)
	at sun.reflect.NativeMethodAccessorImpl.invoke0(Native Method)
	at sun.reflect.NativeMethodAccessorImpl.invoke(NativeMethodAccessorImpl.java:57)
	at sun.reflect.DelegatingMethodAccessorImpl.invoke(DelegatingMethodAccessorImpl.java:43)
	at java.lang.reflect.Method.invoke(Method.java:601)
	at org.junit.runners.model.FrameworkMethod$1.runReflectiveCall(FrameworkMethod.java:47)
	at org.junit.internal.runners.model.ReflectiveCallable.run(ReflectiveCallable.java:12)
	at org.junit.runners.model.FrameworkMethod.invokeExplosively(FrameworkMethod.java:44)
	at org.junit.internal.runners.statements.InvokeMethod.evaluate(InvokeMethod.java:17)
	at org.junit.internal.runners.statements.RunBefores.evaluate(RunBefores.java:26)
	at org.junit.internal.runners.statements.RunAfters.evaluate(RunAfters.java:27)
	at org.junit.runners.ParentRunner.runLeaf(ParentRunner.java:271)
	at org.junit.runners.BlockJUnit4ClassRunner.runChild(BlockJUnit4ClassRunner.java:70)
	at org.junit.runners.BlockJUnit4ClassRunner.runChild(BlockJUnit4ClassRunner.java:50)
	at org.junit.runners.ParentRunner$3.run(ParentRunner.java:238)
	at org.junit.runners.ParentRunner$1.schedule(ParentRunner.java:63)
	at org.junit.runners.ParentRunner.runChildren(ParentRunner.java:236)
	at org.junit.runners.ParentRunner.access$000(ParentRunner.java:53)
	at org.junit.runners.ParentRunner$2.evaluate(ParentRunner.java:229)
	at org.junit.runners.ParentRunner.run(ParentRunner.java:309)
	at org.eclipse.jdt.internal.junit4.runner.JUnit4TestReference.run(JUnit4TestReference.java:50)
	at org.eclipse.jdt.internal.junit.runner.TestExecution.run(TestExecution.java:38)
	at org.eclipse.jdt.internal.junit.runner.RemoteTestRunner.runTests(RemoteTestRunner.java:467)
	at org.eclipse.jdt.internal.junit.runner.RemoteTestRunner.runTests(RemoteTestRunner.java:683)
	at org.eclipse.jdt.internal.junit.runner.RemoteTestRunner.run(RemoteTestRunner.java:390)
	at org.eclipse.jdt.internal.junit.runner.RemoteTestRunner.main(RemoteTestRunner.java:197)
2015-07-10 13:41:06,165 INFO  CaptureScreenshot.java 73 - Screenshot Name: [PageTest_testPage_20150710014105.jpg]
2015-07-10 13:43:39,581 INFO  DefaultRequestDirector.java 723 - I/O exception (java.net.SocketException) caught when processing request: Software caused connection abort: recv failed
2015-07-10 13:43:39,583 INFO  DefaultRequestDirector.java 730 - Retrying request
2015-07-10 13:43:39,633 INFO  PageTest.java 47 - ***Run case of testLogin.***
2015-07-10 13:43:40,156 ERROR PageTest.java 57 - paget test 里面出错了
com.Core.AssertUtils$AssertException: title  和  vtitle不相等
	at com.Core.AssertUtils.assertTrue(AssertUtils.java:14)
	at TestVerify.StockVerify.pageVerify(StockVerify.java:80)
	at Testcase.PageTest.testPage(PageTest.java:53)
	at sun.reflect.NativeMethodAccessorImpl.invoke0(Native Method)
	at sun.reflect.NativeMethodAccessorImpl.invoke(NativeMethodAccessorImpl.java:57)
	at sun.reflect.DelegatingMethodAccessorImpl.invoke(DelegatingMethodAccessorImpl.java:43)
	at java.lang.reflect.Method.invoke(Method.java:601)
	at org.junit.runners.model.FrameworkMethod$1.runReflectiveCall(FrameworkMethod.java:47)
	at org.junit.internal.runners.model.ReflectiveCallable.run(ReflectiveCallable.java:12)
	at org.junit.runners.model.FrameworkMethod.invokeExplosively(FrameworkMethod.java:44)
	at org.junit.internal.runners.statements.InvokeMethod.evaluate(InvokeMethod.java:17)
	at org.junit.internal.runners.statements.RunBefores.evaluate(RunBefores.java:26)
	at org.junit.internal.runners.statements.RunAfters.evaluate(RunAfters.java:27)
	at org.junit.runners.ParentRunner.runLeaf(ParentRunner.java:271)
	at org.junit.runners.BlockJUnit4ClassRunner.runChild(BlockJUnit4ClassRunner.java:70)
	at org.junit.runners.BlockJUnit4ClassRunner.runChild(BlockJUnit4ClassRunner.java:50)
	at org.junit.runners.ParentRunner$3.run(ParentRunner.java:238)
	at org.junit.runners.ParentRunner$1.schedule(ParentRunner.java:63)
	at org.junit.runners.ParentRunner.runChildren(ParentRunner.java:236)
	at org.junit.runners.ParentRunner.access$000(ParentRunner.java:53)
	at org.junit.runners.ParentRunner$2.evaluate(ParentRunner.java:229)
	at org.junit.runners.ParentRunner.run(ParentRunner.java:309)
	at org.eclipse.jdt.internal.junit4.runner.JUnit4TestReference.run(JUnit4TestReference.java:50)
	at org.eclipse.jdt.internal.junit.runner.TestExecution.run(TestExecution.java:38)
	at org.eclipse.jdt.internal.junit.runner.RemoteTestRunner.runTests(RemoteTestRunner.java:467)
	at org.eclipse.jdt.internal.junit.runner.RemoteTestRunner.runTests(RemoteTestRunner.java:683)
	at org.eclipse.jdt.internal.junit.runner.RemoteTestRunner.run(RemoteTestRunner.java:390)
	at org.eclipse.jdt.internal.junit.runner.RemoteTestRunner.main(RemoteTestRunner.java:197)
2015-07-10 13:43:41,058 INFO  CaptureScreenshot.java 73 - Screenshot Name: [PageTest_testPage_20150710014340.jpg]
2015-07-10 13:44:01,954 INFO  DefaultRequestDirector.java 723 - I/O exception (java.net.SocketException) caught when processing request: Software caused connection abort: recv failed
2015-07-10 13:44:01,957 INFO  DefaultRequestDirector.java 730 - Retrying request
2015-07-10 13:44:02,018 INFO  PageTest.java 47 - ***Run case of testLogin.***
2015-07-10 13:44:02,522 ERROR PageTest.java 57 - paget test 里面出错了
com.Core.AssertUtils$AssertException: title  和  vtitle不相等
	at com.Core.AssertUtils.assertTrue(AssertUtils.java:14)
	at TestVerify.StockVerify.pageVerify(StockVerify.java:80)
	at Testcase.PageTest.testPage(PageTest.java:53)
	at sun.reflect.NativeMethodAccessorImpl.invoke0(Native Method)
	at sun.reflect.NativeMethodAccessorImpl.invoke(NativeMethodAccessorImpl.java:57)
	at sun.reflect.DelegatingMethodAccessorImpl.invoke(DelegatingMethodAccessorImpl.java:43)
	at java.lang.reflect.Method.invoke(Method.java:601)
	at org.junit.runners.model.FrameworkMethod$1.runReflectiveCall(FrameworkMethod.java:47)
	at org.junit.internal.runners.model.ReflectiveCallable.run(ReflectiveCallable.java:12)
	at org.junit.runners.model.FrameworkMethod.invokeExplosively(FrameworkMethod.java:44)
	at org.junit.internal.runners.statements.InvokeMethod.evaluate(InvokeMethod.java:17)
	at org.junit.internal.runners.statements.RunBefores.evaluate(RunBefores.java:26)
	at org.junit.internal.runners.statements.RunAfters.evaluate(RunAfters.java:27)
	at org.junit.runners.ParentRunner.runLeaf(ParentRunner.java:271)
	at org.junit.runners.BlockJUnit4ClassRunner.runChild(BlockJUnit4ClassRunner.java:70)
	at org.junit.runners.BlockJUnit4ClassRunner.runChild(BlockJUnit4ClassRunner.java:50)
	at org.junit.runners.ParentRunner$3.run(ParentRunner.java:238)
	at org.junit.runners.ParentRunner$1.schedule(ParentRunner.java:63)
	at org.junit.runners.ParentRunner.runChildren(ParentRunner.java:236)
	at org.junit.runners.ParentRunner.access$000(ParentRunner.java:53)
	at org.junit.runners.ParentRunner$2.evaluate(ParentRunner.java:229)
	at org.junit.runners.ParentRunner.run(ParentRunner.java:309)
	at org.eclipse.jdt.internal.junit4.runner.JUnit4TestReference.run(JUnit4TestReference.java:50)
	at org.eclipse.jdt.internal.junit.runner.TestExecution.run(TestExecution.java:38)
	at org.eclipse.jdt.internal.junit.runner.RemoteTestRunner.runTests(RemoteTestRunner.java:467)
	at org.eclipse.jdt.internal.junit.runner.RemoteTestRunner.runTests(RemoteTestRunner.java:683)
	at org.eclipse.jdt.internal.junit.runner.RemoteTestRunner.run(RemoteTestRunner.java:390)
	at org.eclipse.jdt.internal.junit.runner.RemoteTestRunner.main(RemoteTestRunner.java:197)
2015-07-10 13:44:03,399 INFO  CaptureScreenshot.java 73 - Screenshot Name: [PageTest_testPage_20150710014402.jpg]
2015-07-10 13:44:30,763 INFO  DefaultRequestDirector.java 723 - I/O exception (java.net.SocketException) caught when processing request: Software caused connection abort: recv failed
2015-07-10 13:44:30,765 INFO  DefaultRequestDirector.java 730 - Retrying request
2015-07-10 13:44:30,812 INFO  PageTest.java 47 - ***Run case of testLogin.***
2015-07-10 14:04:07,094 INFO  DefaultRequestDirector.java 723 - I/O exception (java.net.SocketException) caught when processing request: Software caused connection abort: recv failed
2015-07-10 14:04:07,097 INFO  DefaultRequestDirector.java 730 - Retrying request
2015-07-10 14:04:07,137 INFO  PageTest.java 47 - ***Run case of testLogin.***
2015-07-10 14:04:08,925 INFO  LoginTest.java 37 - ***Run case of testLogin.***
2015-07-10 14:04:09,391 INFO  LoginTest.java 45 - TestData/Stock/LoginUser.csv
2015-07-10 14:05:20,697 INFO  LoginTS.java 32 - Title is:框架V2.5
2015-07-10 14:05:52,179 INFO  CaptureScreenshot.java 73 - Screenshot Name: [LoginTest_testLogin_20150710020550.jpg]
2015-07-10 14:08:41,319 INFO  DefaultRequestDirector.java 723 - I/O exception (java.net.SocketException) caught when processing request: Software caused connection abort: recv failed
2015-07-10 14:08:41,321 INFO  DefaultRequestDirector.java 730 - Retrying request
2015-07-10 14:08:41,358 INFO  PageTest.java 47 - ***Run case of testLogin.***
2015-07-10 14:08:41,880 INFO  LoginTest.java 37 - ***Run case of testLogin.***
2015-07-10 14:08:42,353 INFO  LoginTest.java 45 - TestData/Stock/LoginUser.csv
2015-07-10 14:09:51,206 INFO  LoginTS.java 32 - Title is:框架V2.5
2015-07-10 14:16:39,437 INFO  DefaultRequestDirector.java 723 - I/O exception (java.net.SocketException) caught when processing request: Software caused connection abort: recv failed
2015-07-10 14:16:39,439 INFO  DefaultRequestDirector.java 730 - Retrying request
2015-07-10 14:16:39,487 INFO  PageTest.java 47 - ***Run case of testLogin.***
2015-07-10 14:16:51,110 INFO  LoginTest.java 37 - ***Run case of testLogin.***
2015-07-10 14:16:51,571 INFO  LoginTest.java 45 - TestData/Stock/LoginUser.csv
2015-07-10 14:18:00,389 INFO  LoginTS.java 32 - Title is:框架V2.5
2015-07-10 14:18:14,364 INFO  ControlsStockTest.java 123 - ***Run case of testSingleSelect.***
2015-07-10 14:18:15,351 INFO  ControlsStockTest.java 142 - ***Run case of testMultiSelectTree.***
2015-07-10 14:18:22,112 INFO  ControlsStockTest.java 102 - ***Run case of testMultiSelect.***
2015-07-10 14:18:24,349 INFO  CaptureScreenshot.java 73 - Screenshot Name: [ControlsStockTest_testMultiSelect_20150710021823.jpg]
2015-07-10 14:18:24,358 INFO  ControlsStockTest.java 167 - ***Run case of testSingleSelectTree.***
2015-07-10 14:18:31,393 INFO  ControlsStockTest.java 54 - ***Run case of testInputBox.***
2015-07-10 14:18:31,394 INFO  ControlsStockTest.java 59 - TestData/Stock/StockData.csv
2015-07-10 14:19:30,802 INFO  ControlsStockTS.java 44 - Title is:框架V2.5
2015-07-10 14:19:30,803 INFO  ControlsStockTest.java 80 - ***Run case of testDateControl.***
2015-07-10 14:20:02,553 INFO  CaptureScreenshot.java 73 - Screenshot Name: [ControlsStockTest_testDateControl_20150710022001.jpg]
2015-07-10 14:26:31,916 INFO  DefaultRequestDirector.java 723 - I/O exception (java.net.SocketException) caught when processing request: Software caused connection abort: recv failed
2015-07-10 14:26:31,919 INFO  DefaultRequestDirector.java 730 - Retrying request
2015-07-10 14:26:31,969 INFO  PageTest.java 47 - ***Run case of testLogin.***
2015-07-10 14:26:32,923 INFO  LoginTest.java 37 - ***Run case of testLogin.***
2015-07-10 14:26:33,408 INFO  LoginTest.java 45 - TestData/Stock/LoginUser.csv
2015-07-10 14:27:42,191 INFO  LoginTS.java 32 - Title is:框架V2.5
2015-07-10 14:27:56,926 INFO  ControlsStockTest.java 123 - ***Run case of testSingleSelect.***
2015-07-10 14:27:57,906 INFO  ControlsStockTest.java 142 - ***Run case of testMultiSelectTree.***
2015-07-10 14:28:03,251 INFO  ControlsStockTest.java 102 - ***Run case of testMultiSelect.***
2015-07-10 14:28:25,242 INFO  ControlsStockTest.java 167 - ***Run case of testSingleSelectTree.***
2015-07-10 14:28:31,254 INFO  ControlsStockTest.java 54 - ***Run case of testInputBox.***
2015-07-10 14:28:31,255 INFO  ControlsStockTest.java 59 - TestData/Stock/StockData.csv
2015-07-10 14:29:30,245 INFO  ControlsStockTS.java 44 - Title is:框架V2.5
2015-07-10 14:29:30,246 INFO  ControlsStockTest.java 80 - ***Run case of testDateControl.***
2015-07-10 14:29:32,056 INFO  AddStockTest.java 32 - ***Run case of testSave.***
2015-07-10 14:32:04,695 INFO  DefaultRequestDirector.java 723 - I/O exception (java.net.SocketException) caught when processing request: Software caused connection abort: recv failed
2015-07-10 14:32:04,697 INFO  DefaultRequestDirector.java 730 - Retrying request
2015-07-10 14:32:04,744 INFO  PageTest.java 47 - ***Run case of testLogin.***
2015-07-10 14:32:05,290 INFO  LoginTest.java 37 - ***Run case of testLogin.***
2015-07-10 14:32:05,784 INFO  LoginTest.java 45 - TestData/Stock/LoginUser.csv
2015-07-10 14:33:14,618 INFO  LoginTS.java 32 - Title is:框架V2.5
2015-07-10 14:33:28,460 INFO  ControlsStockTest.java 123 - ***Run case of testSingleSelect.***
2015-07-10 14:33:29,454 INFO  ControlsStockTest.java 142 - ***Run case of testMultiSelectTree.***
2015-07-10 14:33:34,682 INFO  ControlsStockTest.java 102 - ***Run case of testMultiSelect.***
2015-07-10 14:33:56,653 INFO  ControlsStockTest.java 167 - ***Run case of testSingleSelectTree.***
2015-07-10 14:34:02,587 INFO  ControlsStockTest.java 54 - ***Run case of testInputBox.***
2015-07-10 14:34:02,588 INFO  ControlsStockTest.java 59 - TestData/Stock/StockData.csv
2015-07-10 14:35:00,903 INFO  ControlsStockTS.java 44 - Title is:框架V2.5
2015-07-10 14:35:00,904 INFO  ControlsStockTest.java 80 - ***Run case of testDateControl.***
2015-07-10 14:35:02,264 INFO  AddStockTest.java 32 - ***Run case of testSave.***
2015-07-10 14:35:06,018 INFO  CaptureScreenshot.java 73 - Screenshot Name: [AddStockTest_testSave_20150710023505.jpg]
2015-07-10 14:39:59,660 INFO  DefaultRequestDirector.java 723 - I/O exception (java.net.SocketException) caught when processing request: Software caused connection abort: recv failed
2015-07-10 14:39:59,663 INFO  DefaultRequestDirector.java 730 - Retrying request
2015-07-10 14:39:59,712 INFO  PageTest.java 47 - ***Run case of testLogin.***
2015-07-10 14:40:00,194 INFO  LoginTest.java 37 - ***Run case of testLogin.***
2015-07-10 14:40:00,653 INFO  LoginTest.java 45 - TestData/Stock/LoginUser.csv
2015-07-10 14:41:09,454 INFO  LoginTS.java 32 - Title is:框架V2.5
2015-07-10 14:41:22,970 INFO  ControlsStockTest.java 123 - ***Run case of testSingleSelect.***
2015-07-10 14:41:23,884 INFO  ControlsStockTest.java 142 - ***Run case of testMultiSelectTree.***
2015-07-10 14:41:29,080 INFO  ControlsStockTest.java 102 - ***Run case of testMultiSelect.***
2015-07-10 14:41:51,110 INFO  ControlsStockTest.java 167 - ***Run case of testSingleSelectTree.***
2015-07-10 14:41:57,128 INFO  ControlsStockTest.java 54 - ***Run case of testInputBox.***
2015-07-10 14:41:57,129 INFO  ControlsStockTest.java 59 - TestData/Stock/StockData.csv
2015-07-10 14:42:55,484 INFO  ControlsStockTS.java 44 - Title is:框架V2.5
2015-07-10 14:42:55,485 INFO  ControlsStockTest.java 80 - ***Run case of testDateControl.***
2015-07-10 14:42:56,891 INFO  AddStockTest.java 32 - ***Run case of testSave.***
2015-07-10 14:42:59,774 INFO  AlterStockTest.java 32 - ***Run case of testAlterStock.***
2015-07-10 14:44:34,974 INFO  DefaultRequestDirector.java 723 - I/O exception (java.net.SocketException) caught when processing request: Software caused connection abort: recv failed
2015-07-10 14:44:34,976 INFO  DefaultRequestDirector.java 730 - Retrying request
2015-07-10 14:44:35,023 INFO  PageTest.java 47 - ***Run case of testLogin.***
2015-07-10 14:44:35,725 INFO  LoginTest.java 37 - ***Run case of testLogin.***
2015-07-10 14:44:36,202 INFO  LoginTest.java 45 - TestData/Stock/LoginUser.csv
2015-07-10 14:45:45,029 INFO  LoginTS.java 32 - Title is:框架V2.5
2015-07-10 14:45:58,079 INFO  ControlsStockTest.java 123 - ***Run case of testSingleSelect.***
2015-07-10 14:45:58,982 INFO  ControlsStockTest.java 142 - ***Run case of testMultiSelectTree.***
2015-07-10 14:46:04,403 INFO  ControlsStockTest.java 102 - ***Run case of testMultiSelect.***
2015-07-10 14:46:26,368 INFO  ControlsStockTest.java 167 - ***Run case of testSingleSelectTree.***
2015-07-10 14:46:32,495 INFO  ControlsStockTest.java 54 - ***Run case of testInputBox.***
2015-07-10 14:46:32,496 INFO  ControlsStockTest.java 59 - TestData/Stock/StockData.csv
2015-07-10 14:47:30,868 INFO  ControlsStockTS.java 44 - Title is:框架V2.5
2015-07-10 14:47:30,869 INFO  ControlsStockTest.java 80 - ***Run case of testDateControl.***
2015-07-10 14:47:32,254 INFO  AddStockTest.java 32 - ***Run case of testSave.***
2015-07-10 14:47:36,072 INFO  CaptureScreenshot.java 73 - Screenshot Name: [AddStockTest_testSave_20150710024735.jpg]
2015-07-10 14:47:36,077 INFO  AlterStockTest.java 32 - ***Run case of testAlterStock.***
2015-07-10 14:47:53,615 INFO  CaptureScreenshot.java 73 - Screenshot Name: [AlterStockTest_testAlterStock_20150710024752.jpg]
2015-07-10 15:28:27,660 INFO  DefaultRequestDirector.java 723 - I/O exception (java.net.SocketException) caught when processing request: Software caused connection abort: recv failed
2015-07-10 15:28:27,662 INFO  DefaultRequestDirector.java 730 - Retrying request
2015-07-10 15:28:27,707 INFO  PageTest.java 47 - ***Run case of testLogin.***
2015-07-10 15:28:28,307 INFO  LoginTest.java 37 - ***Run case of testLogin.***
2015-07-10 15:28:28,769 INFO  LoginTest.java 45 - TestData/Stock/LoginUser.csv
2015-07-10 15:29:39,233 INFO  LoginTS.java 32 - Title is:框架V2.5
2015-07-10 15:29:52,857 INFO  ControlsStockTest.java 123 - ***Run case of testSingleSelect.***
2015-07-10 15:29:54,052 INFO  ControlsStockTest.java 142 - ***Run case of testMultiSelectTree.***
2015-07-10 15:30:00,395 INFO  ControlsStockTest.java 102 - ***Run case of testMultiSelect.***
2015-07-10 15:30:22,715 INFO  ControlsStockTest.java 167 - ***Run case of testSingleSelectTree.***
2015-07-10 15:30:29,677 INFO  ControlsStockTest.java 54 - ***Run case of testInputBox.***
2015-07-10 15:30:29,678 INFO  ControlsStockTest.java 59 - TestData/Stock/StockData.csv
2015-07-10 15:31:29,018 INFO  ControlsStockTS.java 44 - Title is:框架V2.5
2015-07-10 15:31:29,019 INFO  ControlsStockTest.java 80 - ***Run case of testDateControl.***
2015-07-10 15:31:30,856 INFO  AddStockTest.java 32 - ***Run case of testSave.***
2015-07-10 15:31:33,961 INFO  AlterStockTest.java 32 - ***Run case of testAlterStock.***
2015-07-10 15:31:50,596 INFO  DelStockTest.java 33 - ***Run case of testDelStock.***
2015-07-10 15:32:00,308 INFO  CaptureScreenshot.java 73 - Screenshot Name: [DelStockTest_testDelStock_20150710033159.jpg]
2015-07-10 15:40:19,681 INFO  DefaultRequestDirector.java 723 - I/O exception (java.net.SocketException) caught when processing request: Software caused connection abort: recv failed
2015-07-10 15:40:19,683 INFO  DefaultRequestDirector.java 730 - Retrying request
2015-07-10 15:40:19,730 INFO  PageTest.java 47 - ***Run case of testLogin.***
2015-07-10 15:40:20,223 INFO  LoginTest.java 37 - ***Run case of testLogin.***
2015-07-10 15:40:20,723 INFO  LoginTest.java 45 - TestData/Stock/LoginUser.csv
2015-07-10 15:41:29,565 INFO  LoginTS.java 32 - Title is:框架V2.5
2015-07-10 15:41:43,071 INFO  ControlsStockTest.java 126 - ***Run case of testSingleSelect.***
2015-07-10 15:41:44,032 INFO  ControlsStockTest.java 146 - ***Run case of testMultiSelectTree.***
2015-07-10 15:41:49,641 INFO  ControlsStockTest.java 104 - ***Run case of testMultiSelect.***
2015-07-10 15:42:11,624 INFO  ControlsStockTest.java 172 - ***Run case of testSingleSelectTree.***
2015-07-10 15:42:17,550 INFO  ControlsStockTest.java 54 - ***Run case of testInputBox.***
2015-07-10 15:42:17,550 INFO  ControlsStockTest.java 59 - TestData/Stock/StockData.csv
2015-07-10 15:43:15,875 INFO  ControlsStockTS.java 44 - Title is:框架V2.5
2015-07-10 15:43:15,876 INFO  ControlsStockTest.java 81 - ***Run case of testDateControl.***
2015-07-10 15:43:17,301 INFO  AddStockTest.java 32 - ***Run case of testSave.***
2015-07-10 15:43:20,241 INFO  AlterStockTest.java 32 - ***Run case of testAlterStock.***
2015-07-10 15:43:36,061 INFO  DelStockTest.java 33 - ***Run case of testDelStock.***
2015-07-10 15:43:44,611 INFO  LogoutTest.java 33 - ***Run case of testLogoutStock.***
2015-07-10 15:43:45,830 ERROR LogoutTest.java 41 - LogoutStock is error
com.Core.AssertUtils$AssertException: logoutStock is error 
	at com.Core.AssertUtils.assertTrue(AssertUtils.java:14)
	at TestVerify.StockVerify.logoutStockVerify(StockVerify.java:124)
	at Testcase.LogoutTest.testLogoutStock(LogoutTest.java:38)
	at sun.reflect.NativeMethodAccessorImpl.invoke0(Native Method)
	at sun.reflect.NativeMethodAccessorImpl.invoke(NativeMethodAccessorImpl.java:57)
	at sun.reflect.DelegatingMethodAccessorImpl.invoke(DelegatingMethodAccessorImpl.java:43)
	at java.lang.reflect.Method.invoke(Method.java:601)
	at org.junit.runners.model.FrameworkMethod$1.runReflectiveCall(FrameworkMethod.java:47)
	at org.junit.internal.runners.model.ReflectiveCallable.run(ReflectiveCallable.java:12)
	at org.junit.runners.model.FrameworkMethod.invokeExplosively(FrameworkMethod.java:44)
	at org.junit.internal.runners.statements.InvokeMethod.evaluate(InvokeMethod.java:17)
	at org.junit.runners.ParentRunner.runLeaf(ParentRunner.java:271)
	at org.junit.runners.BlockJUnit4ClassRunner.runChild(BlockJUnit4ClassRunner.java:70)
	at org.junit.runners.BlockJUnit4ClassRunner.runChild(BlockJUnit4ClassRunner.java:50)
	at org.junit.runners.ParentRunner$3.run(ParentRunner.java:238)
	at org.junit.runners.ParentRunner$1.schedule(ParentRunner.java:63)
	at org.junit.runners.ParentRunner.runChildren(ParentRunner.java:236)
	at org.junit.runners.ParentRunner.access$000(ParentRunner.java:53)
	at org.junit.runners.ParentRunner$2.evaluate(ParentRunner.java:229)
	at org.junit.runners.ParentRunner.run(ParentRunner.java:309)
	at org.junit.runners.Suite.runChild(Suite.java:127)
	at org.junit.runners.Suite.runChild(Suite.java:26)
	at org.junit.runners.ParentRunner$3.run(ParentRunner.java:238)
	at org.junit.runners.ParentRunner$1.schedule(ParentRunner.java:63)
	at org.junit.runners.ParentRunner.runChildren(ParentRunner.java:236)
	at org.junit.runners.ParentRunner.access$000(ParentRunner.java:53)
	at org.junit.runners.ParentRunner$2.evaluate(ParentRunner.java:229)
	at org.junit.runners.ParentRunner.run(ParentRunner.java:309)
	at org.eclipse.jdt.internal.junit4.runner.JUnit4TestReference.run(JUnit4TestReference.java:50)
	at org.eclipse.jdt.internal.junit.runner.TestExecution.run(TestExecution.java:38)
	at org.eclipse.jdt.internal.junit.runner.RemoteTestRunner.runTests(RemoteTestRunner.java:467)
	at org.eclipse.jdt.internal.junit.runner.RemoteTestRunner.runTests(RemoteTestRunner.java:683)
	at org.eclipse.jdt.internal.junit.runner.RemoteTestRunner.run(RemoteTestRunner.java:390)
	at org.eclipse.jdt.internal.junit.runner.RemoteTestRunner.main(RemoteTestRunner.java:197)
2015-07-10 15:43:46,802 INFO  CaptureScreenshot.java 73 - Screenshot Name: [LogoutTest_testLogoutStock_20150710034345.jpg]
2015-07-10 15:46:12,229 INFO  DefaultRequestDirector.java 723 - I/O exception (java.net.SocketException) caught when processing request: Software caused connection abort: recv failed
2015-07-10 15:46:12,231 INFO  DefaultRequestDirector.java 730 - Retrying request
2015-07-10 15:46:12,280 INFO  PageTest.java 47 - ***Run case of testLogin.***
2015-07-10 15:46:12,972 INFO  LoginTest.java 37 - ***Run case of testLogin.***
2015-07-10 15:46:13,444 INFO  LoginTest.java 45 - TestData/Stock/LoginUser.csv
2015-07-10 15:47:22,282 INFO  LoginTS.java 32 - Title is:框架V2.5
2015-07-10 15:47:35,649 INFO  ControlsStockTest.java 126 - ***Run case of testSingleSelect.***
2015-07-10 15:47:36,587 INFO  ControlsStockTest.java 146 - ***Run case of testMultiSelectTree.***
2015-07-10 15:47:41,954 INFO  ControlsStockTest.java 104 - ***Run case of testMultiSelect.***
2015-07-10 15:48:03,964 INFO  ControlsStockTest.java 172 - ***Run case of testSingleSelectTree.***
2015-07-10 15:48:09,862 INFO  ControlsStockTest.java 54 - ***Run case of testInputBox.***
2015-07-10 15:48:09,863 INFO  ControlsStockTest.java 59 - TestData/Stock/StockData.csv
2015-07-10 15:49:08,236 INFO  ControlsStockTS.java 44 - Title is:框架V2.5
2015-07-10 15:49:08,237 INFO  ControlsStockTest.java 81 - ***Run case of testDateControl.***
2015-07-10 15:49:09,661 INFO  AddStockTest.java 32 - ***Run case of testSave.***
2015-07-10 15:49:12,540 INFO  AlterStockTest.java 32 - ***Run case of testAlterStock.***
2015-07-10 15:49:28,743 INFO  DelStockTest.java 33 - ***Run case of testDelStock.***
2015-07-10 15:49:37,510 INFO  LogoutTest.java 33 - ***Run case of testLogoutStock.***
2015-07-10 15:49:39,202 ERROR LogoutTest.java 41 - LogoutStock is error
com.Core.AssertUtils$AssertException: logoutStock is error 
	at com.Core.AssertUtils.assertTrue(AssertUtils.java:14)
	at TestVerify.StockVerify.logoutStockVerify(StockVerify.java:124)
	at Testcase.LogoutTest.testLogoutStock(LogoutTest.java:38)
	at sun.reflect.NativeMethodAccessorImpl.invoke0(Native Method)
	at sun.reflect.NativeMethodAccessorImpl.invoke(NativeMethodAccessorImpl.java:57)
	at sun.reflect.DelegatingMethodAccessorImpl.invoke(DelegatingMethodAccessorImpl.java:43)
	at java.lang.reflect.Method.invoke(Method.java:601)
	at org.junit.runners.model.FrameworkMethod$1.runReflectiveCall(FrameworkMethod.java:47)
	at org.junit.internal.runners.model.ReflectiveCallable.run(ReflectiveCallable.java:12)
	at org.junit.runners.model.FrameworkMethod.invokeExplosively(FrameworkMethod.java:44)
	at org.junit.internal.runners.statements.InvokeMethod.evaluate(InvokeMethod.java:17)
	at org.junit.runners.ParentRunner.runLeaf(ParentRunner.java:271)
	at org.junit.runners.BlockJUnit4ClassRunner.runChild(BlockJUnit4ClassRunner.java:70)
	at org.junit.runners.BlockJUnit4ClassRunner.runChild(BlockJUnit4ClassRunner.java:50)
	at org.junit.runners.ParentRunner$3.run(ParentRunner.java:238)
	at org.junit.runners.ParentRunner$1.schedule(ParentRunner.java:63)
	at org.junit.runners.ParentRunner.runChildren(ParentRunner.java:236)
	at org.junit.runners.ParentRunner.access$000(ParentRunner.java:53)
	at org.junit.runners.ParentRunner$2.evaluate(ParentRunner.java:229)
	at org.junit.runners.ParentRunner.run(ParentRunner.java:309)
	at org.junit.runners.Suite.runChild(Suite.java:127)
	at org.junit.runners.Suite.runChild(Suite.java:26)
	at org.junit.runners.ParentRunner$3.run(ParentRunner.java:238)
	at org.junit.runners.ParentRunner$1.schedule(ParentRunner.java:63)
	at org.junit.runners.ParentRunner.runChildren(ParentRunner.java:236)
	at org.junit.runners.ParentRunner.access$000(ParentRunner.java:53)
	at org.junit.runners.ParentRunner$2.evaluate(ParentRunner.java:229)
	at org.junit.runners.ParentRunner.run(ParentRunner.java:309)
	at org.eclipse.jdt.internal.junit4.runner.JUnit4TestReference.run(JUnit4TestReference.java:50)
	at org.eclipse.jdt.internal.junit.runner.TestExecution.run(TestExecution.java:38)
	at org.eclipse.jdt.internal.junit.runner.RemoteTestRunner.runTests(RemoteTestRunner.java:467)
	at org.eclipse.jdt.internal.junit.runner.RemoteTestRunner.runTests(RemoteTestRunner.java:683)
	at org.eclipse.jdt.internal.junit.runner.RemoteTestRunner.run(RemoteTestRunner.java:390)
	at org.eclipse.jdt.internal.junit.runner.RemoteTestRunner.main(RemoteTestRunner.java:197)
2015-07-10 15:49:40,129 INFO  CaptureScreenshot.java 73 - Screenshot Name: [LogoutTest_testLogoutStock_20150710034939.jpg]
2015-07-10 15:57:28,012 INFO  DefaultRequestDirector.java 723 - I/O exception (java.net.SocketException) caught when processing request: Software caused connection abort: recv failed
2015-07-10 15:57:28,015 INFO  DefaultRequestDirector.java 730 - Retrying request
2015-07-10 15:57:28,056 INFO  PageTest.java 47 - ***Run case of testLogin.***
2015-07-10 15:57:40,002 INFO  LoginTest.java 37 - ***Run case of testLogin.***
2015-07-10 15:57:40,463 INFO  LoginTest.java 45 - TestData/Stock/LoginUser.csv
2015-07-10 15:58:49,299 INFO  LoginTS.java 32 - Title is:框架V2.5
2015-07-10 15:59:02,878 INFO  ControlsStockTest.java 126 - ***Run case of testSingleSelect.***
2015-07-10 15:59:03,835 INFO  ControlsStockTest.java 146 - ***Run case of testMultiSelectTree.***
2015-07-10 15:59:09,681 INFO  ControlsStockTest.java 104 - ***Run case of testMultiSelect.***
2015-07-10 15:59:31,770 INFO  ControlsStockTest.java 172 - ***Run case of testSingleSelectTree.***
2015-07-10 15:59:38,321 INFO  ControlsStockTest.java 54 - ***Run case of testInputBox.***
2015-07-10 15:59:38,322 INFO  ControlsStockTest.java 59 - TestData/Stock/StockData.csv
2015-07-10 16:00:36,878 INFO  ControlsStockTS.java 44 - Title is:框架V2.5
2015-07-10 16:00:36,879 INFO  ControlsStockTest.java 81 - ***Run case of testDateControl.***
2015-07-10 16:00:38,371 INFO  AddStockTest.java 32 - ***Run case of testSave.***
2015-07-10 16:00:41,514 INFO  AlterStockTest.java 32 - ***Run case of testAlterStock.***
2015-07-10 16:00:57,593 INFO  DelStockTest.java 33 - ***Run case of testDelStock.***
2015-07-10 16:01:06,178 INFO  LogoutTest.java 33 - ***Run case of testLogoutStock.***
