<?xml version="1.0" encoding="UTF-8" ?>
<testsuite errors="0" failures="0" hostname="AP-CHN-LP140034" name="TestSuite.StockSetupTest" skipped="0" tests="12" time="219.895" timestamp="2015-07-16T01:28:24">
  <properties>
[...]
</properties>
  <testcase classname="Testcase.PageTest" name="testPage" time="3.554" />
  <testcase classname="Testcase.LoginTest" name="testLogin" time="74.57" />
  <testcase classname="Testcase.ControlsStockTest" name="testSingleSelect" time="0.918" />
  <testcase classname="Testcase.ControlsStockTest" name="testMultiSelectTree" time="5.316" />
  <testcase classname="Testcase.ControlsStockTest" name="testMultiSelect" time="21.951" />
  <testcase classname="Testcase.ControlsStockTest" name="testSingleSelectTree" time="6.274" />
  <testcase classname="Testcase.ControlsStockTest" name="testInputBox" time="58.335" />
  <testcase classname="Testcase.ControlsStockTest" name="testDateControl" time="1.717" />
  <testcase classname="Testcase.AddStockTest" name="testSave" time="4.46" />
  <testcase classname="Testcase.AlterStockTest" name="testAlterStock" time="16.219" />
  <testcase classname="Testcase.DelStockTest" name="testDelStock" time="8.578" />
  <testcase classname="Testcase.LogoutTest" name="testLogoutStock" time="1.164" />
  <system-out><![CDATA[09:28:27,479  INFO DefaultHttpClient:723 - I/O exception (java.net.SocketException) caught when processing request: Software caused connection abort: recv failed
09:28:27,481  INFO DefaultHttpClient:730 - Retrying request
09:28:27,521  INFO PageTest:47 - ***Run case of testLogin.***
09:28:28,122  INFO LoginTest:37 - ***Run case of testLogin.***
09:28:28,604  INFO LoginTest:45 - TestData/Stock/LoginUser.csv
09:29:42,468  INFO LoginTS:32 - Title is:框架V2.5
09:29:59,245  INFO ControlsStockTest:126 - ***Run case of testSingleSelect.***
09:30:00,166  INFO ControlsStockTest:146 - ***Run case of testMultiSelectTree.***
09:30:05,485  INFO ControlsStockTest:104 - ***Run case of testMultiSelect.***
09:30:27,438  INFO ControlsStockTest:172 - ***Run case of testSingleSelectTree.***
09:30:33,749  INFO ControlsStockTest:54 - ***Run case of testInputBox.***
09:30:33,751  INFO ControlsStockTest:59 - TestData/Stock/StockData.csv
09:31:32,083  INFO ControlsStockTS:44 - Title is:框架V2.5
09:31:32,086  INFO ControlsStockTest:81 - ***Run case of testDateControl.***
09:31:33,804  INFO AddStockTest:32 - ***Run case of testSave.***
09:31:38,267  INFO AlterStockTest:32 - ***Run case of testAlterStock.***
09:31:54,488  INFO DelStockTest:33 - ***Run case of testDelStock.***
09:32:03,069  INFO LogoutTest:33 - ***Run case of testLogoutStock.***
]]></system-out>
  <system-err><![CDATA[Started InternetExplorerDriver server (64-bit)
2.35.3.0
Listening on port 46859
]]></system-err>
</testsuite>
