<?xml version="1.0" encoding="UTF-8" ?>
<testsuites>
  <testsuite errors="1" failures="0" hostname="AP-CHN-LP140034" id="0" name="LoginTest" package="Testcase" skipped="0" tests="1" time="0.214" timestamp="2015-07-14T02:16:58">
      <properties>
[...]
</properties>

      <testcase classname="Testcase.LoginTest" name="testLogin" time="0.013">
          <error type="java.lang.NullPointerException">java.lang.NullPointerException
	at Testcase.LoginTest.testLogin(LoginTest.java:40)
</error>

      </testcase>

      <system-out><![CDATA[10:16:58,587  INFO LoginTest:37 - ***Run case of testLogin.***
]]></system-out>

      <system-err><![CDATA[]]></system-err>

  </testsuite>
  <testsuite errors="0" failures="0" hostname="AP-CHN-LP140034" id="1" name="PageTest" package="Testcase" skipped="0" tests="1" time="3.91" timestamp="2015-07-14T02:16:59">
      <properties>
[...]
</properties>

      <testcase classname="Testcase.PageTest" name="testPage" time="3.739" />

      <system-out><![CDATA[10:17:02,378  INFO DefaultHttpClient:723 - I/O exception (java.net.SocketException) caught when processing request: Software caused connection abort: recv failed
10:17:02,381  INFO DefaultHttpClient:730 - Retrying request
10:17:02,430  INFO PageTest:47 - ***Run case of testLogin.***
]]></system-out>

      <system-err><![CDATA[Started InternetExplorerDriver server (64-bit)
2.35.3.0
Listening on port 14277
]]></system-err>

  </testsuite>
</testsuites>
