<?xml version="1.0" encoding="UTF-8" ?>
<testsuites>
  <testsuite errors="0" failures="0" hostname="AP-CHN-LP140034" id="0" name="PageTest" package="Testcase" skipped="0" tests="1" time="6.696" timestamp="2015-07-14T02:12:13">
      <properties>
[...]
</properties>

      <testcase classname="Testcase.PageTest" name="testPage" time="6.478" />

      <system-out><![CDATA[10:12:18,278  INFO DefaultHttpClient:723 - I/O exception (java.net.SocketException) caught when processing request: Software caused connection abort: recv failed
10:12:18,285  INFO DefaultHttpClient:730 - Retrying request
10:12:18,423  INFO PageTest:47 - ***Run case of testLogin.***
]]></system-out>

      <system-err><![CDATA[SLF4J: Class path contains multiple SLF4J bindings.
SLF4J: Found binding in [jar:file:/C:/works/workspaces/ampsWeb/MangementAutoTest/lib/slf4j-log4j12-1.6.0.jar!/org/slf4j/impl/StaticLoggerBinder.class]
SLF4J: Found binding in [jar:file:/C:/works/workspaces/ampsWeb/MangementAutoTest/lib/slf4j-nop-1.7.5.jar!/org/slf4j/impl/StaticLoggerBinder.class]
SLF4J: See http://www.slf4j.org/codes.html#multiple_bindings for an explanation.
SLF4J: Actual binding is of type [org.slf4j.impl.Log4jLoggerFactory]
Started InternetExplorerDriver server (64-bit)
2.35.3.0
Listening on port 29428
]]></system-err>

  </testsuite>
</testsuites>
